<?xml version="1.0" encoding="UTF-8"?>
<!-- Generated by org.testng.reporters.JUnitReportReporter -->
<testsuite skipped="0" hostname="LAPTOP-1TH2PP3E" name="com.project.Testcases.Testcaseflow1" tests="1" failures="0" timestamp="2023-01-03T21:08:54 IST" time="32.306" errors="0">
  <testcase name="testcaseflow" time="32.306" classname="com.project.Testcases.Testcaseflow1"/>
  <system-out/>
</testsuite> <!-- com.project.Testcases.Testcaseflow1 -->
